[debug] [2024-09-02T15:39:19.699Z] ----------------------------------------------------------------------
[debug] [2024-09-02T15:39:19.705Z] Command:       C:\Program Files\nodejs\node.exe C:\Users\FRANCY MORENO\AppData\Roaming\npm\node_modules\firebase-tools\lib\bin\firebase.js init
[debug] [2024-09-02T15:39:19.705Z] CLI Version:   13.16.0
[debug] [2024-09-02T15:39:19.705Z] Platform:      win32
[debug] [2024-09-02T15:39:19.705Z] Node Version:  v20.17.0
[debug] [2024-09-02T15:39:19.706Z] Time:          Mon Sep 02 2024 10:39:19 GMT-0500 (hora estándar de Colombia)
[debug] [2024-09-02T15:39:19.706Z] ----------------------------------------------------------------------
[debug] 
[debug] [2024-09-02T15:39:19.716Z] > command requires scopes: ["email","openid","https://www.googleapis.com/auth/cloudplatformprojects.readonly","https://www.googleapis.com/auth/firebase","https://www.googleapis.com/auth/cloud-platform"]
[debug] [2024-09-02T15:39:19.716Z] > authorizing via signed-in user (francyyuranimoreno.1010@gmail.com)
[info] 
     ######## #### ########  ######## ########     ###     ######  ########
     ##        ##  ##     ## ##       ##     ##  ##   ##  ##       ##
     ######    ##  ########  ######   ########  #########  ######  ######
     ##        ##  ##    ##  ##       ##     ## ##     ##       ## ##
     ##       #### ##     ## ######## ########  ##     ##  ######  ########

You're about to initialize a Firebase project in this directory:

  C:\Users\FRANCY MORENO\OneDrive - UPB\Desktop\UPB-7 semestre\Practicas\corte 1\Juego BAT7\juego-bat-app

[info] 
=== Project Setup
[info] 
[info] First, let's associate this project directory with a Firebase project.
[info] You can create multiple project aliases by running firebase use --add, 
[info] but for now we'll just set up a default project.
[info] 
[info] i  If you want to create a project in a Google Cloud organization or folder, please use "firebase projects:create" instead, and return to this command when you've created the project. 
[debug] [2024-09-02T15:39:47.303Z] >>> [apiv2][query] POST https://cloudresourcemanager.googleapis.com/v1/projects [none]
[debug] [2024-09-02T15:39:47.303Z] >>> [apiv2][body] POST https://cloudresourcemanager.googleapis.com/v1/projects {"projectId":"10100110","name":"10100110"}
[debug] [2024-09-02T15:39:47.875Z] <<< [apiv2][status] POST https://cloudresourcemanager.googleapis.com/v1/projects 400
[debug] [2024-09-02T15:39:47.876Z] <<< [apiv2][body] POST https://cloudresourcemanager.googleapis.com/v1/projects {"error":{"code":400,"message":"field [project_id] has issue [project_id contains invalid characters]","status":"INVALID_ARGUMENT","details":[{"@type":"type.googleapis.com/google.rpc.BadRequest","fieldViolations":[{"field":"project_id","description":"project_id contains invalid characters"}]},{"@type":"type.googleapis.com/google.rpc.Help","links":[{"url":"https://cloud.google.com/resource-manager/reference/rest/v1/projects"}]}]}}
[debug] [2024-09-02T15:39:48.051Z] FirebaseError: HTTP Error: 400, field [project_id] has issue [project_id contains invalid characters]
    at responseToError (C:\Users\FRANCY MORENO\AppData\Roaming\npm\node_modules\firebase-tools\lib\responseToError.js:49:12)
    at RetryOperation._fn (C:\Users\FRANCY MORENO\AppData\Roaming\npm\node_modules\firebase-tools\lib\apiv2.js:305:77)
    at process.processTicksAndRejections (node:internal/process/task_queues:95:5)
[error] 
[error] Error: Failed to create project. See firebase-debug.log for more info.
